-0.451541   0.466164   -0.44152
-0.307686   -0.359354   -0.447522
-0.453687   -0.366036   -0.294975
-0.282534   0.47099   -0.284769
-0.130947   0.476962   -0.471329
0.0600517   -0.357737   -0.466233
-0.122232   -0.360534   -0.2732
0.0516236   0.449302   -0.263558
0.208375   0.47137   -0.450839
0.37065   -0.349096   -0.469911
0.209678   -0.371029   -0.294129
0.372624   0.451537   -0.275265
-0.472349   -0.165183   -0.461522
-0.283791   -0.0114068   -0.462861
-0.486108   -0.034028   -0.262875
-0.302428   -0.190477   -0.295769
-0.123495   -0.218243   -0.447007
0.0402468   -0.0291288   -0.474394
-0.116377   -0.0215846   -0.265578
0.0601623   -0.204294   -0.277997
0.207923   -0.195495   -0.460886
0.347385   -0.0266834   -0.445879
0.19808   -0.0230757   -0.279205
0.382955   -0.2184   -0.281252
-0.463908   0.159995   -0.458403
-0.30589   0.299795   -0.465588
-0.459372   0.307319   -0.277333
-0.312164   0.140298   -0.297832
-0.143538   0.151363   -0.458883
0.048847   0.314943   -0.443427
-0.129451   0.319887   -0.288996
0.0389912   0.147899   -0.28128
0.224056   0.14462   -0.444659
0.366832   0.29372   -0.44084
0.216063   0.293467   -0.284224
0.365197   0.116695   -0.278884
-0.466814   0.460741   -0.106779
-0.305606   -0.360031   -0.119607
-0.464337   -0.378267   0.0749887
-0.280085   0.472407   0.0480935
-0.114282   0.467362   -0.124947
0.06065   -0.366496   -0.104303
-0.110795   -0.379229   0.0371542
0.0499504   0.469256   0.0250867
0.216606   0.4686   -0.110836
0.374225   -0.376262   -0.12513
0.234014   -0.372194   0.0496939
0.377123   0.456614   0.0744163
-0.466718   -0.209365   -0.113567
-0.306182   -0.0261245   -0.127359
-0.446245   -0.0261809   0.0499314
-0.295671   -0.207795   0.0404261
-0.10711   -0.201654   -0.124298
0.0652886   -0.026864   -0.12632
-0.132352   -0.033542   0.037309
0.0277155   -0.181084   0.0783799
0.214757   -0.204741   -0.0981143
0.36819   -0.0462867   -0.105585
0.195823   -0.0214042   0.0488704
0.37974   -0.200502   0.0439532
-0.483573   0.133168   -0.10669
-0.313088   0.299216   -0.126534
-0.447872   0.303219   0.0574666
-0.291174   0.134357   0.0500244
-0.137908   0.146756   -0.124508
0.0417528   0.296369   -0.115081
-0.137202   0.30805   0.0369377
0.0200266   0.138352   0.0427569
0.217655   0.145363   -0.10431
0.36798   0.296387   -0.0975865
0.203979   0.29605   0.0577134
0.383783   0.139789   0.070763
-0.450297   0.45447   0.21855
-0.30333   -0.359801   0.232335
-0.468026   -0.361786   0.384124
-0.289106   0.467043   0.381286
-0.132429   0.469306   0.21006
0.0644708   -0.368644   0.203549
-0.111833   -0.366382   0.359808
0.0363495   0.470482   0.379329
0.19738   0.469788   0.226207
0.3707   -0.380479   0.221192
0.215604   -0.3441   0.356088
0.377728   0.466405   0.384169
-0.44402   -0.188186   0.223764
-0.29325   -0.0269233   0.203092
-0.454153   -0.0116233   0.367111
-0.298457   -0.176133   0.400442
-0.153718   -0.199418   0.218059
0.0283645   -0.00589977   0.214357
-0.130152   -0.0295272   0.373396
0.0283243   -0.20046   0.349567
0.228314   -0.195239   0.186256
0.38398   -0.036179   0.205654
0.20437   -0.0412778   0.372023
0.370591   -0.177413   0.375235
-0.457048   0.150713   0.21639
-0.288598   0.307564   0.217323
-0.455126   0.311697   0.373347
-0.300523   0.143739   0.384349
-0.130316   0.147141   0.195628
0.0355139   0.311245   0.191203
-0.131785   0.313324   0.367213
0.0416414   0.149683   0.381024
0.212161   0.138241   0.220393
0.377602   0.305371   0.234297
0.210868   0.297549   0.403228
0.36985   0.143018   0.380893
