-0.423602   -0.315511   0.980278
-0.835366   0.500469   -0.744339
-1.01819   -0.264024   0.666148
-0.599858   -0.321494   -0.30647
-0.111286   0.358026   1.01242
-1.25383   0.992763   -0.110236
0.013485   0.375817   0.377303
0.93071   -0.812671   0.483896
1.59699   0.897308   0.124452
-0.25623   0.302528   0.964968
-0.707944   -0.86025   -1.65973
0.136826   0.692487   -0.737836
-0.472191   -0.843129   -0.0853446
-0.418946   1.91033   0.572287
0.0379645   0.210096   0.0341541
-1.15575   -0.42347   1.05716
1.13829   -0.75348   1.86452
-0.486049   -1.25996   0.14881
-0.770308   -0.619122   -0.475298
1.24712   -0.876767   0.934665
-1.6199   1.70364   0.513709
0.134058   0.161645   0.0411059
0.830061   -1.77685   -1.01453
-0.265914   0.0779325   1.27205
-1.38903   0.187775   -1.0598
-0.906961   1.05018   0.0740982
-0.713131   -0.161737   -0.135862
0.445219   0.469197   -1.48863
-1.48415   1.42639   0.358353
0.68027   -0.136553   -0.201279
-1.66409   0.760815   -1.66428
0.17831   1.08761   0.0651966
0.816598   1.00027   0.255924
-1.14176   -0.269059   -0.451251
-0.426109   0.65815   -0.306388
0.241863   -0.307758   1.2819
-0.917083   -1.35519   -0.723871
0.0288433   -1.3679   -2.68898
0.230777   -1.72055   0.49176
0.404576   -0.128518   0.270103
-0.0179821   0.636851   -0.00162399
-0.981763   -0.646602   0.86508
1.19972   -1.04629   -1.36218
1.41276   -0.455833   -1.88813
-0.939367   0.63377   0.406134
-0.954432   0.648313   0.260888
0.674201   -0.89456   0.266894
0.524838   0.370882   -0.84004
-1.17774   -0.269445   0.41602
1.67959   0.276125   -0.918752
0.447871   0.404139   -1.21112
0.881612   1.0574   0.852869
1.4251   -0.96964   -1.53427
1.47038   -0.168774   0.238176
-0.383074   -2.59686   -0.190125
-0.0420548   -1.05233   -0.737198
1.72293   0.12049   -0.124586
-1.82617   1.22334   0.505839
-0.487547   -0.621362   0.848266
1.54549   0.186408   0.400241
0.399906   1.36612   0.342227
0.186111   0.312554   0.721247
0.220501   0.623301   -0.324102
1.4375   1.49976   1.05323
-0.85694   -0.592082   0.922601
1.70587   -0.281141   -1.69347
-0.891676   -0.408683   -0.670899
-0.534422   1.14865   -0.782738
0.396218   1.19175   0.739625
0.185376   -0.267803   0.364935
1.1557   -0.303203   -0.969341
0.215032   -0.017418   0.546835
-0.519617   0.985055   -0.441918
1.51018   0.713812   -0.498516
-0.270397   0.528698   -0.372354
-1.38197   0.0298386   -1.0191
0.757305   2.01308   -1.11622
0.272962   0.228301   -0.0022599
-1.44573   0.228581   0.412736
-2.16479   1.59975   1.37082
0.0329051   -1.46995   2.21321
1.98422   -1.12784   0.355718
1.22407   -0.435611   -0.0438916
0.796747   0.766753   0.971052
-0.335065   -0.949253   -0.27687
0.119355   -0.120338   -1.42512
-0.571144   -0.630565   0.685203
-0.063768   -0.0182124   0.516766
0.912323   0.591   0.882181
0.753628   0.180226   -0.0221605
-0.230117   0.559158   -0.22317
-0.162724   0.37535   1.067
-0.318993   -0.0630132   1.25145
-0.749234   -0.43693   0.354093
1.21912   -0.322372   -1.36514
0.305388   0.678648   -0.894897
-0.00341213   0.536318   -1.70828
0.503948   -1.28334   -0.0846789
-0.87436   -0.0836202   0.111215
-0.601198   -0.93814   1.90243
0.041266   0.48421   -0.30194
1.42162   -1.3653   0.323896
0.666923   -0.45107   0.559825
-0.653299   -0.813627   0.655979
-0.725724   -1.17027   0.266173
0.155298   -0.465304   -1.16527
0.45598   -0.202745   -1.02166
-1.90952   0.491464   1.59002
