-0.480174   0.495741   -0.490873
-0.341425   -0.32764   -0.49962
-0.497098   -0.324544   -0.327273
-0.348439   -0.476805   -0.331584
-0.179679   -0.496334   -0.498825
0.00426884   -0.316909   0.496428
-0.148738   -0.343502   -0.341146
-0.0117762   0.494301   -0.34432
0.152625   -0.490966   -0.489123
0.352961   -0.322492   0.488247
0.175644   -0.34358   -0.331479
0.346894   0.499056   -0.35148
0.492831   -0.164488   0.48518
-0.325755   -0.0114319   0.495136
-0.483195   -0.00607838   -0.343455
-0.323711   -0.171549   -0.329788
-0.165522   -0.16181   0.492685
0.0071041   -0.00299685   0.495167
-0.174796   0.00280728   -0.325522
0.00974344   -0.184081   -0.327295
0.169482   -0.175129   -0.484129
0.331559   -0.00231253   -0.491411
0.173345   -0.00700445   -0.344106
0.335846   -0.166743   -0.331593
-0.491835   0.159337   0.48306
-0.321659   0.324482   0.48388
-0.48822   0.339796   -0.351242
-0.345557   0.168968   -0.343485
-0.162761   0.153914   -0.492613
-0.00553134   0.342063   0.499819
-0.161077   0.329597   -0.334771
-3.76632e-07   0.151834   -0.343051
0.156084   0.160576   0.496746
0.325174   0.323184   0.496873
0.152353   0.340423   -0.34202
0.306335   0.152897   -0.344064
0.487369   -0.496111   -0.179866
-0.325967   -0.32109   -0.170209
-0.499464   -0.349328   0.00797956
-0.3321   0.485968   -0.017269
-0.152897   -0.498426   -0.165694
0.014771   -0.32651   -0.162072
-0.158973   -0.342123   0.0131218
-0.00630227   -0.492396   0.0310749
0.160138   -0.488442   -0.150983
0.340568   -0.324366   -0.155517
0.171143   -0.331539   -0.00438945
0.323508   0.496606   0.0112769
0.495605   -0.175023   -0.14516
-0.332885   -0.00465531   -0.159719
-0.491182   0.0248641   -0.0142896
-0.331403   -0.169154   0.00725593
-0.157542   -0.168644   -0.178547
0.0110119   -0.00915608   -0.168119
-0.16773   -0.00852341   -0.00398324
-0.00301035   -0.19543   0.0184145
0.178277   -0.168306   -0.164769
0.330092   -0.000713869   -0.169355
0.169335   -0.0194313   0.0209688
0.335755   -0.17034   -0.00239332
0.479377   0.164028   -0.202786
-0.359838   0.360116   -0.182914
0.485217   0.327035   -0.0164942
-0.341546   0.186172   -0.0322243
-0.145545   0.17223   -0.174983
0.0219728   0.354459   -0.17408
-0.158926   0.35663   1.79047e-05
0.0113347   0.140789   0.00950017
0.153371   0.150886   -0.168923
0.318403   0.343117   -0.145322
0.151615   0.332878   0.00140764
0.324496   0.170913   0.00804025
0.484586   0.498639   0.176322
-0.340805   -0.361584   0.158042
-0.491235   -0.341582   0.336213
-0.322979   0.484868   0.320761
-0.163633   -0.489509   0.182294
0.000320883   -0.341644   0.199031
-0.179698   -0.328917   0.333158
-0.010469   0.498899   0.341274
0.167135   -0.496333   0.190194
0.326223   -0.320722   0.202495
0.165809   -0.313934   0.350027
0.329575   -0.490024   0.356984
0.491102   -0.167387   0.1534
-0.335533   0.0230209   0.152578
-0.487129   -0.0142327   0.329603
-0.325165   -0.164067   0.325626
-0.163519   -0.17439   0.175769
-0.00565506   -0.0114065   0.158977
-0.165037   0.0065325   0.313747
0.00466427   -0.166359   0.336875
0.17704   -0.169911   0.173868
0.336747   0.00308304   0.184146
0.157971   0.0146745   0.31086
0.311576   -0.148828   0.344285
0.493611   0.181359   0.175386
-0.336587   0.324811   0.150418
0.492411   0.345474   0.360694
-0.333534   0.161888   0.318951
-0.160287   0.165918   0.14614
0.0146271   0.32612   0.168044
-0.163675   0.315587   0.334921
0.0103436   0.172604   0.333812
0.176267   0.175886   0.167728
0.326755   0.336332   0.169492
0.166908   0.348374   0.332969
0.317918   0.1672   0.336968
