-0.610684   -0.468795   0.374424
-0.0733794   1.33406   -0.702168
0.460116   -0.192102   -1.92186
0.0768026   -1.86556   -1.5004
0.545541   0.0045409   -1.38119
-0.162229   -0.368422   0.442417
-1.42571   0.596333   -1.2468
-0.210759   -0.232763   -0.842137
0.14211   -0.741749   -0.701401
-1.23033   0.240394   1.56585
0.762373   -1.38428   0.523388
-0.293523   0.0545427   -1.76193
0.909822   0.0046846   1.51933
0.204776   0.017464   1.00891
-1.24059   -0.804217   2.40658
0.773505   -1.84493   0.116709
1.09083   0.546325   0.102815
2.17173   0.419025   0.678069
2.25803   0.10843   -1.08545
-1.29276   -1.4817   -0.383775
-0.615717   0.755208   0.213911
-0.797272   0.0782969   0.0338939
0.980573   -0.077144   1.75315
1.27264   -0.183883   -0.431617
-1.05731   0.763614   -0.888641
0.0535997   1.14042   -1.09581
0.451948   0.803698   1.60458
0.55301   -1.13566   -0.51126
2.17491   1.36079   0.35738
0.20915   -1.55869   -0.557069
0.195271   -1.33264   -0.773793
-1.52559   2.11744   -0.0819422
-0.806377   -0.652815   0.481189
-0.33354   -0.975197   -1.25059
-0.316   0.709751   0.444586
1.38571   1.49606   1.24388
-1.5867   -0.800714   2.08008
-0.0783248   -0.639668   1.75132
-0.16069   -0.783927   -0.811162
-0.527177   -0.859013   0.252906
2.17185   0.321248   1.40416
-1.11034   -0.876118   0.433334
1.25888   -0.535814   0.0380557
-0.94389   0.824751   0.0105218
-2.47182   0.674511   0.531984
-0.535398   0.0160877   0.180541
0.369405   0.776383   -1.07811
-2.58362   0.490551   -1.00764
-0.590188   -1.16233   0.05074
-0.948857   -0.52122   1.16669
-0.714893   -0.0843105   -0.941885
0.900333   1.12756   -2.36676
-0.493435   1.60604   0.215697
0.411923   -1.24464   0.477102
0.624502   1.99527   0.440964
-0.252413   -1.25201   -1.46922
0.320538   1.10816   1.1768
1.7041   0.0330351   0.158525
1.01577   -0.289489   1.20399
0.348901   0.218069   0.741966
0.865373   -1.74038   -0.289197
0.181236   0.478419   -0.411902
-0.374981   0.777543   -0.0554006
-1.19794   2.58602   1.5044
0.257186   -0.553108   -1.29862
-0.229694   -2.17536   -0.130409
0.787187   1.0626   -1.09356
0.674056   -0.407582   0.826466
-0.7067   -0.895933   -1.27766
0.236084   1.94392   0.926871
-0.52417   -2.46337   -0.36923
-0.285094   1.85834   3.04825
0.25547   -0.0465617   -0.266393
-0.957668   -0.0448626   -1.40709
-1.17715   -1.55015   0.891764
1.21573   -0.893311   -2.72217
0.198887   -1.97111   1.47155
-0.880926   -0.886017   0.380963
0.263182   0.995192   1.31242
-1.20788   1.85206   -1.47019
0.127461   1.26415   -1.62595
1.01041   1.63731   0.216629
0.0052755   1.40818   -1.80181
-1.04077   -1.4288   0.247456
-2.76798   0.634586   -0.858021
-0.207137   -0.625052   1.99454
2.03991   -1.28753   -0.672705
0.468978   0.975286   -0.406094
-0.266406   1.26766   0.918121
0.697044   0.807545   1.08893
0.740428   -1.93267   0.688482
0.603406   1.93042   -1.07893
0.96515   0.301827   0.537663
-0.463845   1.30955   -1.09356
1.69488   -0.780125   0.468748
0.532495   -0.131296   -1.08084
0.748602   -0.900911   -0.302447
-0.525432   0.142858   0.712605
0.266611   -0.522597   -0.270855
-2.11947   0.929776   0.422976
-0.0227117   0.596302   0.857886
-1.93424   -0.0510273   -0.156405
-0.168982   0.257945   0.600786
-0.640381   -1.07638   -0.314759
0.248488   -0.657569   -0.128851
1.27097   -0.162247   0.9414
-0.620374   -0.19613   -0.933108
1.15629   0.969621   -0.936591
