0.426534   0.200765   -0.062336
-0.0332595   0.142115   0.0770435
-0.163262   0.0283183   0.298092
-0.290421   0.29028   0.494164
-0.0312264   -0.083014   0.423853
0.228308   -0.360815   -0.377454
-0.0596195   0.253749   -0.391839
-0.0721113   0.0555349   -0.294865
0.127443   0.237307   0.195351
-0.449579   0.0729299   0.0771041
0.288691   -0.192094   -0.304679
0.389386   -0.131359   -0.106478
-0.0306358   -0.462173   0.267442
-0.453036   -0.49079   0.249572
0.402424   -0.399856   0.389372
0.287413   0.190344   -0.447649
0.499559   0.310519   0.212768
-0.328118   -0.0749658   0.176996
-0.442011   0.397414   0.414047
0.361996   0.242464   -0.254944
-0.211391   -0.441075   0.180676
-0.235247   0.214676   -0.278356
-0.210535   -0.219296   0.315532
0.252061   0.410941   -0.247183
0.361908   -0.0627926   0.191571
0.076191   -0.0248811   0.0786383
0.0472345   -0.267287   0.303214
-0.198418   -0.368342   -0.257639
-0.0831681   0.283423   0.220066
0.481389   0.18519   0.406514
-0.437061   0.200672   -0.221064
0.0366171   -0.242359   0.0813886
0.0962215   -0.124039   -0.323392
-0.217694   0.325313   0.0072595
0.359975   0.172864   0.208112
0.180481   -0.0467751   0.291667
0.116818   -0.420168   0.0974114
0.00634601   0.12941   0.31266
-0.122771   0.10019   0.468185
0.44454   -0.282525   0.185974
0.300826   0.0535058   -0.17643
0.248364   -0.233605   0.29688
0.291789   -0.014203   -0.365483
-0.0352474   -0.102055   0.221447
-0.483028   0.454344   0.0511467
-0.460581   -0.107584   -0.408916
-0.485465   0.306693   -0.420711
0.243976   0.0501129   0.000105309
0.159882   0.445188   0.268819
0.388593   -0.19191   0.461151
0.325617   -0.43197   0.0132424
-0.278491   0.369975   0.23735
-0.147337   -0.0710216   0.0606083
-0.389964   0.247197   0.00551748
0.461522   0.376334   -0.11742
0.0133376   0.332253   0.0542272
-0.484185   -0.123242   0.0707747
-0.0900329   -0.284832   0.484776
0.0825654   0.0613437   -0.453698
0.326125   0.336631   0.0986675
-0.326215   0.105666   -0.491942
-0.120583   -0.496946   0.00489332
-0.409437   -0.280945   0.342436
0.155455   0.242697   -0.315605
-0.296323   -0.186325   -0.311905
-0.342409   -0.294819   0.152298
-0.332574   0.172018   0.309565
-0.388986   0.00842664   0.351959
-0.384644   0.479   -0.427731
-0.221925   -0.278767   -0.0814244
0.00276176   -0.331578   -0.173908
0.262318   0.409901   -0.455162
-0.284461   -0.326793   -0.498504
-0.00488659   -0.385141   -0.359211
0.497269   0.086701   -0.38045
0.191154   0.231444   -0.0580928
-0.30124   0.437775   -0.202128
-0.0941796   0.290679   0.418472
-0.0845174   -0.153702   -0.356025
0.0610028   0.406081   -0.375162
0.381689   0.00786215   0.464408
-0.111439   -0.102493   -0.14682
0.426042   0.489686   -0.343104
-0.277135   0.00196386   -0.244364
0.119598   0.463592   -0.0893265
-0.0641986   0.244478   -0.136518
-0.216668   0.0929701   -0.082562
0.172332   -0.107173   -0.0955463
0.360446   0.375981   0.336414
0.322788   -0.442088   0.207949
-0.161872   0.45758   -0.425383
-0.225866   -0.0761836   0.490977
0.113794   0.250947   0.453208
0.0485011   0.0541448   -0.122002
0.223427   -0.291834   -0.144697
0.385482   -0.427513   -0.175483
-0.2451   -0.47672   0.380063
-0.462322   -0.00875193   -0.198833
-0.489842   -0.31651   -0.385754
-0.102618   0.475689   -0.195704
-0.15831   -0.269837   0.0968711
-0.32478   -0.0977741   -0.0674094
0.0179772   -0.464983   0.457322
0.232992   -0.256017   0.0870357
-0.410777   -0.332746   -0.199273
-0.227058   0.112835   0.121637
0.496109   -0.328862   0.00100786
0.208991   -0.386583   0.424667
