0.0928436   -0.315444   -0.272118
0.0816877   0.121304   -0.130993
0.425838   -0.436054   0.0651905
0.42425   0.0060852   -0.187128
-0.113633   -0.336603   -0.28373
-0.124584   -0.135681   -0.427049
-0.00787182   0.092797   0.462956
-0.384215   0.486789   -0.268824
0.230343   -0.342368   0.059208
0.148407   -0.417562   -0.453118
0.209751   -0.478036   -0.242865
0.465966   -0.00143052   -0.4311
-0.379568   -0.0716209   -0.165868
-0.240699   0.0610165   0.468619
0.107096   -0.146024   -0.428898
0.425475   -0.361641   -0.152165
-0.0752585   -0.0933555   0.110935
0.19554   0.455065   0.00933642
-0.491481   -0.347696   -0.402808
0.124275   -0.02183   0.0798195
0.26312   0.333174   0.291373
0.264961   0.103454   0.319565
0.496249   0.337051   0.129534
0.00588916   -0.233742   -0.0819433
-0.202013   0.494934   -0.351345
-0.27896   0.0575553   0.0965976
-0.181097   -0.135795   -0.186541
-0.383969   0.170152   0.263266
-0.354021   0.124868   -0.080945
-0.0966505   -0.452922   -0.12116
-0.25302   0.306537   0.0332647
0.290077   0.154972   -0.233927
0.315462   -0.0829493   0.163998
0.426234   0.266705   -0.332099
0.0651768   0.414217   0.298014
-0.230501   -0.105745   0.253078
-0.299499   -0.0330633   -0.346496
0.464693   0.287303   0.334302
-0.497174   -0.324143   0.394675
-0.342371   -0.313472   -0.19815
0.343601   0.0283358   -0.00861618
0.119562   0.132768   -0.372365
-0.0506689   -0.334569   -0.46829
-0.262445   -0.497627   0.0924312
-0.254552   -0.251017   0.418748
-0.0968054   0.26744   -0.118181
0.319016   0.205968   -0.490555
0.472875   -0.186782   -0.262585
0.399576   0.463496   -0.319886
-0.057286   0.268233   -0.347426
0.0210434   0.486758   -0.295646
0.0184939   -0.414501   0.115053
0.265395   0.434172   0.459045
-0.0897291   0.0701336   -0.080629
-0.433009   0.131051   -0.280333
0.000421647   -0.059921   -0.228927
0.238257   0.225733   -0.0402874
-0.157936   -0.342591   0.0394464
-0.11493   0.30585   0.324736
0.285063   -0.3322   0.421757
-0.275503   0.216493   -0.398244
0.42765   0.129629   0.16247
-0.130266   0.0972827   0.297436
0.113572   0.338715   -0.147555
0.00226063   -0.115957   0.414013
-0.0797784   -0.283267   0.283086
0.452493   0.0676788   0.374825
-0.455611   -0.0196522   0.0323455
0.471549   0.487584   0.483903
-0.416485   -0.160322   -0.499225
0.0458688   0.0186701   0.26759
-0.415358   0.435796   -0.0687641
-0.356951   -0.445982   0.476882
0.449933   0.242357   -0.134143
-0.43646   -0.495897   0.209428
0.094839   -0.360792   0.34441
0.18766   -0.00898741   0.473068
0.106026   0.232494   0.32739
0.246394   0.332068   -0.345568
0.359808   0.44233   -0.106751
-0.273712   -0.148621   0.0341133
0.250578   -0.267615   -0.132684
-0.0716301   0.418928   0.0251216
0.0947489   -0.402966   -0.10014
0.251966   -0.464696   0.236598
0.415002   -0.184459   -0.036771
-0.29758   0.313972   -0.204286
0.0747334   0.362691   -0.485936
-0.15818   -0.474243   0.464444
0.165368   -0.144022   0.318827
0.418133   -0.135587   0.337694
-0.0761763   0.0537725   -0.36978
-0.265454   -0.342774   0.212766
-0.110161   -0.485959   0.253537
0.184637   0.200616   0.156152
-0.395984   -0.315924   0.00664818
-0.390062   0.323434   0.474453
-0.027773   0.192781   0.094203
0.078152   -0.214669   0.114047
0.327945   -0.264497   0.229348
-0.291415   0.344742   0.233933
-0.186489   0.139746   -0.242473
-0.271936   -0.249075   -0.373953
0.279644   -0.0263888   -0.347215
0.224766   -0.0584345   -0.144927
0.387321   -0.160979   -0.469725
-0.412097   -0.173317   0.243587
0.280843   -0.31285   -0.347095
