-0.235685   0.378456   0.27718
0.182541   0.101676   -0.261753
-0.170866   0.276529   -0.0290495
-0.492288   -0.316598   -0.136679
-0.402897   -0.281419   -0.250796
0.452628   -0.445683   0.461302
0.106231   0.37157   -0.178629
0.365329   0.152291   -0.414518
0.251573   0.190354   -0.116587
-0.0258397   -0.00363373   -0.180292
0.130961   0.348332   0.366836
0.484018   -0.315639   -0.36323
0.203659   0.398923   0.161622
-0.244997   0.473885   -0.218969
0.495294   0.224654   0.347078
-0.150116   0.463929   -0.387048
-0.10165   -0.449785   0.107827
0.461573   0.100088   -0.367049
0.126717   -0.0186125   -0.0900295
0.339012   -0.215574   0.281078
-0.183147   0.19637   -0.146089
0.477553   -0.294586   0.352853
-0.104947   0.132167   -0.363715
0.385743   -0.0290008   0.0700773
0.355103   0.319863   -0.480552
0.195863   -0.135809   0.421494
0.243471   -0.00695996   0.212032
0.407343   0.172462   0.0638664
0.498132   -0.178854   -0.118663
-0.0179574   -0.0713317   -0.271318
0.270571   0.377392   -0.453591
-0.444183   0.183464   -0.113306
-0.254959   -0.186941   0.396786
-0.0724445   -0.306888   0.0423565
-0.409346   0.0839642   0.466903
-0.196297   0.228592   -0.339909
-0.00758884   -0.484007   0.297511
0.373993   0.109932   -0.016718
-0.324893   0.210643   0.105486
-0.103848   0.473747   -0.470582
-0.311691   -0.0103903   -0.242088
0.0803839   -0.401281   0.232654
0.435227   -0.249328   -0.334053
0.239808   -0.49605   -0.262944
-0.329698   -0.138521   0.352964
-0.358503   -0.309124   -0.000910122
-0.0501001   0.475155   0.17404
-0.0378828   -0.195505   -0.126653
-0.194228   0.077532   -0.271303
0.0605231   -0.478486   -0.317329
-0.452792   -0.487418   0.486664
-0.0813551   0.254766   -0.324711
-0.449212   -0.40495   -0.163541
0.148634   0.448572   0.0928329
-0.122892   0.382679   0.129102
0.265083   0.0690592   0.377746
-0.00335978   0.179737   0.265982
-0.493435   0.492881   0.419721
-0.404015   0.177028   -0.306155
0.203498   0.230435   -0.191393
-0.327569   0.0839645   -0.151124
0.0190954   -0.166799   0.397443
0.0743257   -0.0956674   0.376463
-0.372597   0.267547   -0.119316
0.1042   0.135905   -0.0435437
0.0777583   -0.0800088   -0.219322
-0.120832   0.129168   0.379891
0.117333   -0.118827   -0.370251
-0.219614   0.388921   -0.274628
-0.187825   -0.425271   0.153922
-0.404205   0.226385   -0.466612
0.272042   0.3595   -0.314506
0.247573   0.102001   -0.392381
-0.104779   0.0990158   -0.267079
-0.288079   -0.0483644   -0.0613728
0.329962   0.0458142   0.0762424
0.0765436   0.0307546   -0.332558
0.0644847   0.0754549   -0.421402
-0.398699   0.153457   -0.418682
-0.0378715   0.0968645   0.0679177
-0.437075   -0.147434   0.189824
-0.130446   0.255032   0.264266
-0.0774191   -0.3512   0.407166
0.370832   -0.0888505   0.297252
0.466769   0.450998   -0.00623552
0.0275277   0.264534   0.344573
0.328639   -0.189673   -0.0533761
-0.3777   -0.394702   0.353542
0.464115   0.395838   -0.25613
-0.340854   0.158058   -0.0868652
-0.488315   0.141311   -0.296957
0.248588   -0.211501   -0.279204
0.250033   0.178152   0.120703
-0.180037   -0.18304   -0.0365333
0.457602   0.409564   0.43943
0.176765   -0.0612797   0.489867
-0.377693   0.309726   -0.0568122
-0.354483   0.35641   -0.145073
0.463328   0.461413   -0.365966
-0.261136   0.339659   0.15362
0.0239545   -0.430676   -0.392094
0.464156   0.0491747   0.386903
-0.150344   -0.233813   -0.149479
-0.0169326   0.0162581   0.0238569
-0.472705   -0.441524   0.306065
-0.0314761   -0.248001   -0.0266215
-0.00816791   -0.304434   0.359945
-0.264283   -0.486387   0.110445
