-0.57676   -0.834727   -2.13906
-0.0427271   -0.973168   -1.55359
-1.19625   0.248205   -1.01237
-0.248698   0.683535   1.49016
-0.962108   -1.20157   -0.495047
-0.187129   -0.330225   -0.2315
0.468068   0.607709   -0.659179
1.19153   -1.88592   -0.329406
1.22649   0.698849   1.00036
0.788989   -0.655326   -0.158689
0.868359   0.533315   0.237453
-0.760177   0.336115   0.798753
0.00949309   -0.153578   -1.03765
-0.193563   0.519765   1.89404
0.375292   0.831859   0.726759
1.18293   -0.441561   -0.328004
0.217269   -0.582391   -0.0270426
1.70968   0.224822   0.100302
0.207865   0.779803   -0.696763
-0.187153   -0.208074   -1.93694
0.48133   -0.136968   0.411024
0.678228   0.185036   -0.0547599
0.680713   0.207389   -0.281851
0.527392   0.165686   -1.15163
-0.0722147   -0.432684   0.838064
-1.09273   -1.52803   -1.73496
-1.4293   0.46694   0.748242
-0.671139   0.56953   -1.55729
-1.08837   0.829171   1.07181
-0.682028   0.164602   0.884396
0.315544   0.285674   -0.121284
0.0249604   -0.608201   0.888082
0.257531   -0.256395   -0.715452
-0.115164   -0.424731   -1.49466
1.44033   -0.0179641   1.06691
-0.580889   -0.496881   -0.488067
-0.15834   1.81399   0.847317
0.218149   -0.176427   -0.112487
-1.20807   0.196478   -0.113992
1.27433   -1.31115   0.0935331
-0.433604   0.0457448   0.381975
-0.812762   -2.53047   0.249784
0.989137   0.570986   0.510316
0.976911   -0.520933   0.401141
-0.329564   -1.68022   -0.343676
1.65087   -0.907537   -1.02642
-0.718406   -0.523705   -0.170986
-0.0652386   -2.13936   -0.23339
-0.638923   -0.156528   -1.21955
0.75135   -1.15085   0.202414
0.629306   1.05906   0.812026
0.606821   0.409078   0.592227
-0.828546   1.35359   0.270187
-0.278963   0.253159   0.822024
-0.146328   -0.899693   0.562585
0.466357   0.0465909   0.692956
1.92029   -0.820056   0.635801
0.762844   -0.831792   -0.6457
-0.573267   0.196087   0.647077
-0.816367   0.401858   -0.448418
-2.2559   -1.41601   -2.27983
-0.580563   -0.0106576   -0.431902
-0.646067   -0.527491   -0.246463
0.198106   0.768454   1.04573
-1.71118   -0.0640344   0.629595
-0.298354   -0.958162   -0.00973347
-0.374385   0.725683   -0.682911
-0.902544   1.05617   -0.158281
0.038888   1.0719   -0.700153
0.627375   0.0205679   1.13508
0.302456   1.45287   -1.6684
1.14375   0.16928   0.729749
0.00546952   0.693157   -0.204866
-0.342988   -0.763889   0.485263
-0.241427   0.705973   1.80864
-0.863674   1.19882   0.449822
1.24864   -1.06828   1.20532
-0.577288   0.921616   0.922221
0.0716062   -1.08922   -0.478425
-0.107162   0.105948   -1.27913
1.10066   -0.116978   1.09932
-0.345941   0.630707   -0.551233
0.534103   0.134949   1.01053
0.250586   -0.212933   -1.04199
-0.774067   -0.23053   0.641714
1.23262   0.924071   0.21513
1.04289   1.08458   1.24028
0.380858   -0.488136   1.29333
-0.612306   -1.01805   1.51373
-0.374391   -0.164782   -1.6106
-0.710913   1.67367   0.277148
1.9079   1.13126   -0.363071
-1.21323   1.05208   1.23682
-0.492466   1.52424   0.587233
0.390618   0.221382   0.538031
2.34004   0.831648   -0.776097
0.163517   -2.67262   -0.641211
-1.67824   0.956385   0.361251
1.17577   1.14673   0.781636
-0.212709   0.709186   0.835593
-0.86789   -0.617273   0.185476
-2.69093   -0.597288   -0.957278
0.368898   0.748439   0.189217
-0.837699   -0.677293   -0.720939
-0.384067   0.182699   -1.7579
2.244   0.307919   -0.364544
-2.02465   -0.0547186   -0.656092
-0.451302   0.730442   -0.194744
