0.495475   -0.496096   0.494205
-0.328609   -0.339754   -0.478321
-0.496183   -0.309426   -0.34103
-0.345323   -0.485954   -0.316298
-0.160412   0.489827   0.485416
0.000938339   -0.333964   -0.49747
-0.171856   -0.344928   -0.312419
-0.0136667   0.48061   -0.344577
0.162872   -0.489901   0.485726
0.322976   -0.309609   0.487632
0.170122   -0.339408   -0.341279
0.335208   0.497497   -0.36535
0.488229   -0.152508   0.497046
-0.327906   0.00303388   0.49945
-0.485102   0.0112182   -0.339944
-0.335082   -0.160089   -0.332872
-0.156467   -0.186498   -0.494411
-0.0098282   -0.0161527   -0.489187
-0.171079   -0.0114593   -0.316813
0.0105997   -0.178934   -0.328173
0.161377   -0.172709   0.49186
0.34421   0.00367314   0.499529
0.164161   -0.00454018   -0.328658
0.320762   -0.147725   -0.34088
0.494718   0.170865   0.492328
-0.335354   0.349822   -0.492844
0.496251   0.334392   -0.335312
-0.32538   0.173132   -0.350313
-0.182128   0.175672   0.481707
0.00378505   0.342379   0.484994
-0.165463   0.330556   -0.330023
-0.0176257   0.16049   -0.339001
0.176839   0.14947   -0.485884
0.332979   0.316341   0.493453
0.180788   0.317013   -0.346813
0.325653   0.171716   -0.326539
0.48618   -0.496307   -0.140956
-0.329962   -0.329523   -0.151388
-0.499268   -0.305782   0.00812192
-0.342329   -0.478261   0.0147945
-0.164684   0.498318   -0.147624
0.00109899   -0.344691   -0.169722
-0.157097   -0.337352   0.0184456
0.0205437   0.488831   0.00493854
0.178661   -0.495497   -0.178935
0.334971   -0.318127   -0.170746
0.167471   -0.353192   -0.00751119
0.326139   -0.498492   0.0215684
0.498822   -0.159854   -0.167303
-0.325113   -0.000267076   -0.156261
-0.494726   0.0105458   0.00741572
-0.32689   -0.172323   -0.00159168
-0.157402   -0.1563   -0.143988
-0.00981508   0.00308673   -0.152181
-0.167025   0.00831547   0.00428059
0.0196427   -0.174139   0.0121598
0.169981   -0.180393   -0.162116
0.337085   0.0108043   -0.176588
0.162674   0.0025758   -0.00593988
0.320545   -0.164782   -0.00665936
0.492389   0.177783   -0.177369
-0.334707   0.338718   -0.166468
0.495436   0.346818   0.00478346
-0.344014   0.177252   -0.000740532
-0.171353   0.161005   -0.181686
-0.013164   0.317848   -0.161925
-0.175352   0.334662   0.0221463
-0.00952414   0.173553   -0.00687924
0.162322   0.175596   -0.169737
0.327503   0.346754   -0.157706
0.166693   0.329922   0.0126997
0.335353   0.172233   -0.00900033
-0.49621   0.49549   0.17593
-0.336448   -0.317651   0.179278
0.483818   -0.332094   0.328514
-0.32228   0.492939   0.325404
-0.149375   0.4753   0.165639
0.00841641   -0.344588   0.156398
-0.166153   -0.32955   0.324281
-0.00428088   0.484812   0.323265
0.166189   0.487659   0.174018
0.337679   -0.336828   0.152418
0.167152   -0.3494   0.311694
0.333096   0.498251   0.327826
-0.498967   -0.155148   0.155641
-0.328813   -0.00145085   0.147111
-0.488967   -0.0180743   0.31363
-0.33561   -0.158041   0.343481
-0.173228   -0.155222   0.162333
-0.0149738   0.000431781   0.162879
-0.188743   -0.00457618   0.342121
-0.00310357   -0.158327   0.334663
0.169422   -0.155172   0.174631
0.34147   0.00540765   0.13989
0.16064   -0.0135826   0.338941
0.338526   -0.164866   0.321452
-0.495456   0.17022   0.170659
-0.350044   0.340452   0.151443
-0.486303   0.322888   0.351162
-0.329718   0.171895   0.349738
-0.192189   0.173561   0.174504
0.0127956   0.315523   0.166062
-0.149655   0.32453   0.33388
0.0145079   0.161418   0.325214
0.179059   0.15463   0.161741
0.339695   0.322628   0.165097
0.179547   0.333889   0.347711
0.33698   0.155247   0.341312
