-0.497569   -1.88732   0.519414
-0.904933   0.689032   0.296999
0.336991   2.76762   -0.326156
0.787725   -0.613165   0.276618
-1.90672   0.858108   2.0824
1.11654   0.810383   -0.824107
-0.601285   0.781228   -0.0765722
-0.0573926   -0.152727   1.58284
-1.10641   1.25003   0.332617
0.424594   -1.76623   1.35796
0.541956   -0.20444   0.0132656
0.566666   -1.23061   -0.76464
0.25894   0.545107   0.676799
0.408462   -0.930841   -0.651372
1.87493   0.180792   0.392543
-0.627534   -0.656084   0.105298
-0.319019   1.2846   0.612481
0.155871   0.377599   1.94821
0.835283   -1.19165   -0.101171
0.461209   -0.916275   1.20783
1.35722   0.423911   -0.354641
-0.810175   -0.665948   0.188787
-1.00467   -0.980174   0.615132
1.11161   -0.438076   0.359017
0.77321   1.61645   0.151758
-0.916038   0.571245   0.140199
0.71974   0.740587   -0.268563
-0.917904   0.433833   -1.02651
0.730885   -0.74133   -1.568
-0.410135   1.90819   0.311766
-0.873357   -0.562977   1.76489
-1.03328   -0.172804   1.01829
-0.377868   -0.256018   0.304776
0.144258   -1.3537   1.0436
1.42385   -1.52208   0.04914
1.23138   -0.395629   0.577756
0.383106   -0.767077   -1.13256
-1.23358   1.06029   -0.0542229
-0.640567   0.788955   0.0619281
1.40721   -0.825201   0.201311
-2.16489   0.419599   -1.60635
-1.34897   0.269329   -2.25233
2.05169   -0.726955   0.69958
-0.733437   -0.856501   -0.865295
-0.147032   -0.0615531   -0.658645
0.68114   0.994677   -0.183888
-0.337161   -1.81455   -0.183345
2.25066   0.691329   0.46536
-1.2835   1.23905   0.380079
-1.65388   -0.12058   0.389861
1.54973   0.200342   -0.342
-0.599305   -0.316019   -1.11264
0.901312   -0.0456476   -0.616219
0.702465   -0.0955003   0.190326
1.46521   -0.11775   2.42751
0.975593   -0.537946   0.426819
0.15745   0.272226   1.87471
-0.336202   1.17327   1.58346
0.343691   -0.75705   0.604832
0.341634   0.884976   1.52115
0.127992   0.48778   0.386841
1.54289   -0.854783   -2.4739
-1.77265   -2.05777   0.603242
1.29081   0.322286   -0.8844
-0.715067   -0.828907   -1.03929
-1.50394   -0.574498   1.55009
0.225362   -0.224677   0.326916
-0.483033   0.698952   0.74919
-0.0849818   0.904691   1.04008
-1.57509   1.27162   0.6464
0.20371   -2.31035   1.83265
0.668999   2.306   0.0172722
0.640268   0.326   -0.72454
-0.871495   0.280686   0.0230032
1.21285   -1.01208   -1.49994
0.748247   0.354897   -1.01053
-0.0579026   -3.51856   0.563272
-1.10646   -0.443543   0.594603
-1.15651   0.329159   0.606781
-0.161298   0.665782   -1.83218
0.434426   -0.221121   -1.28936
-0.357581   0.377014   -0.35184
-2.07746   0.555231   0.268915
-0.556309   0.558398   -0.00154099
-0.568008   -0.447669   -0.0863016
1.00254   -0.599997   0.836436
0.885597   1.71966   -1.10797
-0.374999   0.767469   1.48191
0.941216   1.43536   -1.51309
1.52198   -1.87578   -1.83981
0.261441   -1.44195   -1.65828
0.641196   -0.150992   0.677401
-1.10356   -2.24707   0.0562087
-0.334511   2.6476   -1.91467
-1.57141   1.41063   -2.23947
-0.199499   0.346248   -1.5681
0.365846   0.261353   -1.13615
-1.84023   1.5514   0.91001
-1.81919   -0.559485   -1.6677
0.505348   -0.779503   0.776719
0.0789477   1.81394   0.178359
-1.37325   -0.13916   0.385947
1.98575   -0.564448   -0.367643
1.55332   0.825302   -0.363883
-1.64218   0.263212   -0.0549965
-0.563973   0.276792   -0.31594
-0.345065   -0.42609   -1.38534
1.74754   -1.03138   0.0265307
