-0.21382   -0.478595   -0.188886
-0.174781   0.369283   -0.0373437
-0.0977114   -0.215108   0.0204256
-0.444863   -0.0698268   0.328665
-0.150131   0.0757697   0.20406
-0.312842   0.235896   0.105346
0.460881   0.322309   0.0916285
-0.425663   0.322108   0.268105
-0.489351   -0.289114   0.134721
0.444533   -0.466876   0.384333
-0.0935927   0.0691248   -0.0721528
-0.46984   -0.256559   -0.0474942
0.334628   0.395609   0.268855
-0.463571   -0.487952   0.213043
-0.235051   -0.135464   0.473645
0.0338424   -0.061953   -0.100522
-0.0261496   -0.129874   0.382151
0.289086   0.170975   0.207499
-0.0448065   0.341247   0.197089
0.148316   -0.141965   -0.401244
0.424606   -0.0272928   -0.360057
0.187213   -0.209733   0.392565
0.0751828   0.185269   -0.130196
0.0162652   -0.0231941   0.134449
-0.368111   -0.455027   -0.0211659
0.226528   0.341956   0.456019
0.0808066   -0.384742   0.384851
-0.227973   0.465653   0.14617
0.2796   -0.351333   0.0667747
0.0920881   -0.46454   0.0280752
-0.470136   -0.165299   -0.250216
-0.0625033   0.345694   -0.233653
0.191515   -0.476728   0.247761
0.28177   -0.372693   0.454894
0.223656   -0.0734714   -0.183324
0.363582   0.0789463   -0.172293
-0.482462   0.193292   0.40554
0.0110949   -0.287743   -0.405451
-0.4949   0.1649   -0.376052
-0.0234848   -0.214798   -0.19727
0.018545   0.369612   -0.0256255
0.390967   -0.31377   -0.178325
0.182553   -0.276554   -0.237676
0.417568   0.129555   0.0221247
-0.143249   -0.424386   -0.00711799
-0.0792962   -0.0146091   -0.430224
0.113281   -0.276912   -0.0406938
-0.396798   -0.0996602   0.142276
0.30375   0.25242   -0.0924108
-0.285337   0.0506025   0.0790734
-0.269608   -0.343919   0.258643
-0.251928   0.460302   0.337306
-0.200656   -0.270562   -0.160951
0.453551   -0.441484   0.00724155
-0.302907   -0.252579   0.0446962
-0.350962   0.38194   -0.133689
-0.291695   0.151933   -0.365947
0.181425   -0.0393413   0.296854
-0.271868   -0.328986   -0.356765
0.417305   -0.100838   0.157631
-0.115117   -0.48296   -0.400495
-0.47536   0.224445   -0.17875
0.394531   -0.190922   0.43306
0.11179   -0.313649   0.162468
0.252171   -0.490548   -0.369116
-0.437365   -0.283867   0.359252
0.0420876   0.123448   -0.495089
0.26888   0.401958   0.0313133
-0.0835464   -0.268351   0.247026
-0.286969   0.174685   -0.128762
-0.0490099   0.494725   0.311406
-0.10925   0.0706233   0.39923
-0.461095   -0.0282245   -0.0655056
-0.422255   0.39667   -0.323796
0.354365   0.295887   -0.282067
-0.318491   -0.493154   -0.477746
-0.0618757   0.139753   -0.268746
-0.413249   0.099603   0.243983
0.366293   0.00119925   0.345263
0.0116674   -0.453961   -0.201775
0.143327   0.23561   0.0515906
-0.426725   -0.187392   -0.469086
0.231614   0.0245282   -0.00286038
-0.2544   -0.041512   -0.328753
-0.213028   0.239365   0.331632
0.440846   0.41239   -0.132113
0.103081   0.258625   -0.369408
-0.150403   0.318203   -0.426387
0.420288   0.364157   -0.448017
-0.313003   0.0535529   0.431287
0.194919   -0.136745   0.0929244
0.351052   -0.161677   -0.050292
0.306822   0.0861001   -0.455318
0.165173   0.354991   -0.199711
-0.348233   0.307403   0.490784
-0.022711   0.315865   0.422088
0.360472   -0.232262   -0.374323
0.070788   0.478741   -0.413468
0.132892   0.0685452   -0.294725
-0.158381   -0.338562   0.423589
0.0445054   0.157001   0.248366
0.142043   0.325515   0.267234
-0.219107   -0.122977   0.283068
0.228867   -0.457473   -0.129105
0.354308   -0.337005   0.24841
-0.383257   -0.363455   -0.200024
0.454361   -0.423107   -0.387163
-0.252156   -0.0668869   -0.0875309
