0.287754   0.119768   0.422124
-0.239789   -0.375218   0.380988
0.000536509   -0.450372   0.447862
-0.0514265   -0.172741   -0.154198
0.361112   0.200837   0.269231
-0.465167   -0.270194   0.468808
-0.245685   0.0268557   0.179867
-0.419725   0.273626   -0.311695
-0.233993   -0.389801   -0.0760384
0.430565   -0.242396   0.0214063
0.28561   0.479645   -0.450791
0.241003   -0.00683767   -0.0645283
0.117263   0.00508911   0.246341
0.48775   -0.329215   -0.452509
0.44527   0.347119   0.48674
-0.244471   0.0286907   -0.0969926
-0.166696   -0.0172036   0.434059
0.0111992   -0.0415063   -0.288873
0.407278   -0.2684   0.197723
-0.21518   -0.151562   0.102934
-0.489419   -0.110227   -0.494706
-0.279717   -0.0972914   -0.190052
-0.384167   -0.23577   0.0886451
-0.447847   -0.214415   -0.171653
0.184636   0.364894   -0.41762
-0.0242632   -0.11315   0.308613
0.155401   -0.150732   0.382493
0.135489   -0.158106   -0.317916
-0.217289   -0.0553027   -0.162381
0.459369   0.206608   -0.356714
0.131926   -0.260919   -0.233442
-0.29818   -0.474489   -0.230489
0.0617035   -0.161604   0.330192
0.492842   -0.00885668   0.176659
-0.190204   -0.147762   -0.461304
-0.268098   -0.0854264   -0.411633
0.402295   0.226753   -0.0621378
-0.40187   0.278045   -0.201185
0.0555459   0.189138   0.120641
-0.444012   0.0590037   -0.038403
0.381539   -0.41843   0.433992
-0.449173   0.065755   -0.467614
0.0228459   -0.40212   0.0824
0.475038   0.374566   -0.138795
-0.275705   0.132912   0.211519
0.257403   -0.258461   0.492711
-0.346517   -0.35184   -0.0219361
0.274608   0.219177   -0.0343403
0.171792   0.304344   0.0200343
-0.359812   0.479811   -0.00871875
-0.355849   0.187908   -0.403611
-0.25466   0.378096   0.125018
0.387912   0.452975   -0.39421
0.0182592   0.413688   0.0752437
0.244572   0.314308   -0.277854
0.489907   0.429499   -0.497188
-0.279399   0.2817   0.125321
-0.414386   0.0901444   -0.111568
0.271644   0.178992   0.272559
0.093237   -0.0230831   -0.141996
0.34267   0.285151   -0.18027
0.239544   0.378289   -0.212294
-0.305029   -0.358774   0.159878
-0.403392   0.0797041   0.123813
-0.200718   0.178647   0.18448
-0.16414   -0.469754   -0.00411595
-0.44183   -0.334385   0.420683
0.229202   0.122495   -0.222452
0.392897   0.270077   0.39454
-0.0487783   -0.493923   0.143136
0.0881922   0.271491   -0.448589
0.200036   0.408254   0.00475818
-0.121364   -0.30818   0.151904
-0.269597   -0.261654   -0.0469841
-0.180291   -0.346624   0.00469644
-0.190677   0.341946   -0.44284
-0.189503   -0.125877   0.45981
0.276502   -0.173818   0.330273
-0.299358   0.236684   -0.366975
-0.141342   0.157343   0.353051
0.0498292   -0.208491   -0.000253899
-0.104529   0.491165   -0.43784
0.00838604   -0.264358   0.0380856
0.346227   0.281349   0.454322
-0.423916   -0.360929   -0.252162
-0.0882232   0.355089   0.129878
-0.347938   0.323248   -0.419579
-0.295516   -0.465189   -0.097591
0.278169   -0.0593101   -0.209955
0.48832   0.2101   0.311833
-0.383538   -0.445828   -0.335032
-0.47716   0.0981781   0.072591
0.315064   0.371491   -0.164876
-0.457085   0.0837452   -0.199299
0.056229   0.370347   -0.482064
0.116428   -0.20483   0.469939
-0.00340584   0.0232876   -0.403809
-0.378745   0.287482   0.0356353
-0.335712   -0.0866847   -0.347947
-0.434879   0.177844   -0.488771
-0.274455   -0.185192   -0.167177
-0.38601   0.34173   -0.328204
0.363402   0.31744   0.342525
-0.331762   -0.462478   0.286447
0.380193   0.255959   0.179165
-0.154051   0.404254   -0.467551
0.426937   -0.233219   0.3961
0.454323   0.0601585   -0.481962
