2.57614   0.138702   2.65196
0.0173147   -1.03564   -1.42303
0.829633   -1.17121   -4.02695
0.250519   0.529022   -0.413869
0.0129235   -0.390195   1.42741
-0.823649   -0.640763   -0.373481
1.19414   0.70071   -0.510921
1.06287   -2.14983   0.73052
0.655476   0.762708   -0.466076
-1.61686   0.960545   -0.510147
-2.53507   0.0753246   -0.168138
1.08277   0.920332   0.800528
-0.099068   -1.09976   -0.53822
-1.76922   0.976141   0.284922
0.889894   0.573647   -0.0624123
-1.76865   0.462759   -0.788608
-1.19766   0.950413   -0.976759
-0.772017   -0.365035   -1.15304
-1.96911   0.707611   -0.807934
0.236901   0.484816   0.00929676
-0.139691   1.40262   -1.074
-0.21869   -0.55744   0.157532
1.09854   0.854248   0.451165
0.242023   1.25655   0.959437
0.766185   2.63216   1.63057
-1.1934   0.808919   1.55718
-1.16754   0.737775   -0.0961581
-0.548471   -1.02868   -0.560457
1.53521   -1.22635   -0.993088
-0.0929842   0.657113   -1.14248
1.18534   1.03579   1.48907
0.290802   -0.391004   0.171488
-1.36547   0.72139   -0.175225
-1.95123   0.621858   0.660051
0.206951   -1.0649   1.11872
0.00254515   -0.529376   1.83767
-0.756268   0.379214   0.928627
-0.25823   -0.319179   -0.934251
-2.38557   -2.36158   -2.19926
-0.606136   -2.19413   -0.663374
-1.27883   0.72905   -0.40478
-0.254549   -0.434019   0.117744
0.235042   -0.513222   -0.153609
0.454062   1.72397   -2.82344
-0.21516   -0.0517588   1.03362
-1.41034   0.403563   0.0701146
-0.607098   -1.24049   1.21885
0.324905   0.169258   -0.576038
0.20938   1.69038   0.443075
1.50204   1.46402   -0.167038
0.817189   1.49589   0.658517
0.913246   -1.09097   -0.847592
1.04093   -0.0906255   -1.04833
0.136865   0.526694   1.01821
0.0705841   -0.559551   -1.89792
0.710618   -1.80517   -0.634307
1.15812   0.342128   0.311695
-0.346606   0.754789   -0.996841
0.503567   -0.531774   -0.834524
-1.71556   -0.761111   0.426214
-0.00342851   -2.32484   -0.60836
-1.97203   1.22758   0.300404
-0.218226   -0.201464   0.271693
0.503561   2.44545   0.534322
-0.170243   -0.60422   0.0470886
1.62583   -1.41525   0.805944
-0.0666661   0.442833   1.35187
0.8747   -1.05969   1.29783
0.281168   1.45801   -0.353309
0.0748546   -1.2657   -0.401502
1.12874   -2.1885   -1.75145
-0.313292   -1.94117   2.07654
-0.74968   0.527864   0.0869785
-1.35112   0.339135   -1.25172
0.332715   0.232189   -1.89395
1.07115   -0.430285   -0.669827
-1.11599   -0.213457   -0.539426
0.228277   0.131982   0.495992
0.115521   0.730986   0.48733
0.380397   -0.998629   -1.15008
1.2162   -0.105984   0.373517
1.99084   1.60836   2.25384
-1.23935   -0.832911   1.82351
0.369167   0.808704   0.697732
1.67935   1.42274   0.202612
-0.137128   -0.607335   -2.23275
-0.874056   -1.55016   0.898841
1.38437   -0.567044   -1.00016
0.586345   -0.632948   -0.654063
-0.203975   -0.439268   1.52493
1.29539   -1.51239   -0.425096
-0.120112   -0.408758   -0.100455
-1.30453   -0.174013   -0.627009
0.322157   0.557083   -1.0041
-0.766984   -0.521678   1.14825
0.0058208   0.264249   -1.92231
-0.395806   -0.916712   0.502652
-0.483643   0.229317   -1.06652
-0.00587507   -0.61446   2.59048
0.978159   1.44813   -0.298811
0.374875   1.06141   1.41404
1.0675   2.59963   0.58033
0.296244   -1.12379   0.407522
0.0735118   1.57392   0.807393
-1.00735   -1.2239   0.4647
0.993601   0.619896   0.793684
-0.737629   -0.855354   1.27407
0.837092   -0.045916   0.714913
