-0.101753   0.0660456   0.384281
-0.125564   0.162716   0.0190452
0.441204   0.132965   0.258267
-0.359257   0.473681   0.4272
-0.038299   -0.497968   -0.371646
0.388164   -0.0183372   0.264572
0.367777   -0.126396   0.274481
0.400855   -0.355009   0.0385547
-0.392181   -0.480737   0.35501
0.190112   -0.00843637   0.458075
-0.209111   0.224638   0.480723
-0.241182   0.0577872   0.342919
0.411746   0.463378   0.0677856
0.37197   0.119188   0.0688996
0.0847778   0.222534   -0.123714
0.419038   0.0168087   0.423107
-0.311492   -0.26126   0.219917
0.335644   0.133454   0.186877
-0.381133   0.307413   0.374872
0.37994   -0.360625   -0.455403
-0.398984   0.438593   0.369402
0.128598   -0.332038   -0.127422
-0.329809   -0.222787   0.107268
-0.323899   0.1264   -0.47335
-0.234145   0.106367   0.0811204
0.0710109   -0.321585   0.418771
-0.0111051   0.193974   -0.0487385
0.411687   -0.382074   0.17532
-0.250655   0.115203   -0.125499
0.333693   0.137751   -0.0250073
-0.449302   0.0684857   -0.125015
0.068201   0.290769   -0.00145169
-0.462403   -0.277946   0.0627887
-0.321317   0.194386   -0.238079
-0.382103   0.111814   -0.393883
-0.418037   -0.104773   0.30608
-0.0709841   0.454873   -0.310829
0.176872   -0.130839   0.432047
-0.32004   -0.27489   -0.195783
-0.256821   0.43271   0.218841
-0.301972   -0.0194869   -0.432715
0.214927   0.358198   -0.0852961
-0.00336133   0.307136   -0.169082
-0.491107   -0.114785   -0.0421895
-0.278774   0.0219727   -0.0441586
-0.169662   0.449349   -0.310754
0.219978   -0.145432   0.262858
-0.307045   0.257507   0.0340527
0.493944   0.408902   0.17205
-0.108184   -0.470602   -0.421291
-0.460703   -0.481598   -0.335259
-0.357732   -0.282853   -0.274247
-0.443452   -0.18488   0.165314
0.176158   -0.280211   0.425835
0.0935544   -0.20151   -0.1789
0.00951316   -0.231432   0.274154
0.469804   -0.102652   0.367266
-0.180379   -0.0615146   0.303823
-0.406119   0.404885   -0.129083
0.45628   0.0652322   -0.144556
0.491257   -0.493249   0.0956179
0.00271538   0.373689   0.0604358
0.247519   -0.17924   -0.106131
-0.17827   0.48294   -0.488429
-0.142165   0.150002   -0.443473
-0.23497   -0.396311   -0.286665
-0.14901   -0.401881   -0.30652
-0.430307   -0.396228   0.225501
0.124506   -0.20089   -0.492599
0.210613   -0.0400333   -0.108005
-0.415898   0.105736   -0.0401797
0.403327   0.377212   -0.237914
-0.48068   -0.23044   -0.0266188
-0.459218   -0.31064   0.160483
-0.373764   -0.409462   -0.0738379
0.474734   -0.152994   0.0254184
0.457253   -0.380069   0.253856
0.0625922   -0.177311   0.221186
0.195619   -0.316594   -0.39833
-0.158276   0.334486   0.0217552
-0.39606   0.492845   -0.0742045
-0.160298   0.423906   0.445631
0.283367   0.0800805   -0.308759
0.230701   0.487927   0.474106
-0.0470599   -0.411902   -0.411755
-0.0931408   -0.291372   0.385214
0.162286   0.247591   -0.367603
-0.0512189   -0.242882   -0.427561
-0.448769   0.0782493   0.175325
0.272279   0.402948   0.40502
-0.0228364   -0.0413343   0.244855
0.0461389   -0.111078   -0.234665
0.182634   0.0120758   0.0442985
0.397392   -0.447244   -0.234077
0.488239   -0.258948   -0.401487
0.0155978   0.0792702   -0.494352
0.0962835   -0.319218   -0.485148
-0.471887   -0.123439   0.488273
0.0731327   -0.0885987   0.215404
-0.0388274   -0.373102   0.0424232
-0.00407096   0.29778   0.0451498
0.174648   0.447335   -0.0270117
-0.0321596   -0.32771   -0.260175
0.433936   0.197517   -0.113733
-0.459107   0.434363   0.285478
-0.195506   0.0294727   -0.0613349
0.22836   -0.0375458   0.268034
0.470987   0.0318368   0.088884
