0.458771   1.67384   0.812744
-1.32909   0.116035   0.588387
1.04566   -0.0138128   3.39645
0.506534   0.237616   -1.81459
0.730066   0.4499   0.562358
0.655945   2.04517   0.089882
-1.40144   -0.120648   -0.673366
-0.163916   -0.165553   1.42622
-0.0708552   -0.0799892   1.26537
-0.761933   -0.0162039   -0.145659
-2.26574   -1.30856   -1.51504
-1.30182   -1.97303   -2.52761
-0.140542   -1.75406   -0.474358
0.941066   0.938696   -1.14113
-0.710882   0.27442   0.58322
1.45137   0.412783   -1.06923
-0.823203   -1.09998   -0.187959
0.764337   0.386036   -1.24798
0.751541   0.351745   0.912918
1.80242   1.05168   -0.0346685
0.127396   0.00274284   -0.677642
-1.29386   0.652791   0.266731
-0.72005   -1.1077   -0.797497
-0.950799   0.119145   -0.0879615
-2.0609   1.15357   0.0395472
0.996722   1.27636   1.10378
-1.19296   0.303725   1.02192
-0.776052   -0.519252   0.364705
0.647021   0.152206   0.877125
-1.63168   1.5975   -0.614457
0.51202   -0.802221   0.77984
-2.09225   -0.0859997   -0.338224
-0.628087   0.513601   -0.220084
0.347863   -0.729616   -0.689969
1.02259   1.98304   0.372015
-1.16101   0.282303   -0.220807
0.47864   -0.915229   -0.259784
-0.163188   0.256402   1.60979
0.061949   -1.45175   -0.455099
-0.0973012   0.462675   -0.554124
-1.91057   -1.0796   -0.962774
1.07438   -0.731061   -0.300816
-1.27944   -0.396711   -0.961158
1.05564   1.15972   -1.37355
1.81456   -0.822554   -0.0622258
1.1323   -1.0912   1.7269
0.498071   0.0954984   -1.5418
-0.369852   -1.06641   0.0125898
-1.16474   0.0242357   1.13936
-2.84193   1.08716   0.840022
1.21221   0.141628   2.2698
0.548561   1.41315   0.749167
-0.021633   -0.322845   -0.326298
0.75154   0.230875   -1.71409
-0.0670848   1.47654   0.828687
1.18254   -0.54468   1.53436
0.134098   -2.00596   1.06132
-0.243587   0.506925   1.23052
1.55467   0.344723   -1.37276
1.03177   0.336472   0.61263
0.272585   0.0179976   -0.77446
0.66124   -0.154729   0.787327
0.773487   0.642595   -0.0838432
-0.3122   0.881201   0.0590863
0.81875   1.17934   -0.848354
-1.02517   -0.676721   0.912686
2.20977   -0.219818   -3.29344
0.451371   0.117515   -0.725198
0.292732   -0.805417   -2.76873
0.791813   0.0662804   -1.06086
-0.264239   -0.702257   -0.488523
0.120546   -1.76257   1.00504
-2.7198   -1.83751   0.419859
-0.519047   1.54585   -0.752909
1.75023   1.1396   1.38728
1.41262   0.645386   1.26783
-0.510381   0.0791291   0.515393
-0.771854   0.863901   -0.503929
-2.44306   -0.0808006   -0.428081
-2.29156   0.473694   -0.425987
1.26288   -0.53296   -0.191726
-0.268341   1.01111   0.655614
0.992314   -0.939798   0.314585
-1.64782   -1.1642   0.321354
0.0862451   0.217465   -0.443285
1.45326   -0.927045   1.65614
0.094174   0.600362   -0.472981
-1.32452   0.230381   1.18743
2.41269   -0.323598   1.75247
-0.120498   0.642641   -0.519937
-0.477437   -1.47234   1.01911
0.790429   0.711677   -1.3068
1.00678   0.0698953   0.610868
-1.10459   0.667506   -0.0194674
-0.585136   -2.55838   -0.216519
1.18551   0.79174   -0.0462584
-2.91459   -0.85337   0.789653
2.31127   0.919029   -0.419021
0.102891   1.05481   -1.07368
-0.911664   -1.23882   -0.361974
0.577303   -2.63592   -0.542285
1.4095   -0.11156   2.33521
0.251858   0.655077   -0.962689
0.431951   -0.361957   -2.41543
0.0934105   0.622281   -1.89956
2.07398   -0.786452   0.80145
-0.0569616   1.63741   0.844755
-1.47857   -0.643921   0.687125
